ago. 25, 2025 6:29:51 PM liquibase.changelog
INFO: Reading resource: db/changelog/migrations/db.changelog-202508250923.sql
ago. 25, 2025 6:29:51 PM liquibase.changelog
INFO: Creating database changelog table with name: board.DATABASECHANGELOG
ago. 25, 2025 6:29:51 PM liquibase.changelog
INFO: Reading from board.DATABASECHANGELOG
ago. 25, 2025 6:29:51 PM liquibase.changelog
INFO: Reading resource: db/changelog/migrations/db.changelog-202508250948.sql
ago. 25, 2025 6:29:51 PM liquibase.changelog
INFO: Reading resource: db/changelog/migrations/db.changelog-202508250955.sql
ago. 25, 2025 6:29:51 PM liquibase.changelog
INFO: Reading resource: db/changelog/migrations/db.changelog-202508250957.sql
ago. 25, 2025 6:29:52 PM liquibase.snapshot
INFO: Creating snapshot
ago. 25, 2025 6:29:52 PM liquibase.lockservice
INFO: Successfully acquired change log lock
ago. 25, 2025 6:29:52 PM liquibase.command
INFO: Using deploymentId: 6157391226
ago. 25, 2025 6:29:52 PM liquibase.changelog
INFO: Reading from board.DATABASECHANGELOG
Running Changeset: db/changelog/migrations/db.changelog-202508250923.sql::202508250923::duda
ago. 25, 2025 6:29:52 PM liquibase.changelog
INFO: Custom SQL executed
ago. 25, 2025 6:29:52 PM liquibase.changelog
INFO: ChangeSet db/changelog/migrations/db.changelog-202508250923.sql::202508250923::duda ran successfully in 32ms
Running Changeset: db/changelog/migrations/db.changelog-202508250948.sql::202508250948::duda
ago. 25, 2025 6:29:52 PM liquibase.changelog
INFO: Custom SQL executed
ago. 25, 2025 6:29:52 PM liquibase.changelog
INFO: ChangeSet db/changelog/migrations/db.changelog-202508250948.sql::202508250948::duda ran successfully in 22ms
Running Changeset: db/changelog/migrations/db.changelog-202508250955.sql::202508250955::duda
ago. 25, 2025 6:29:52 PM liquibase.changelog
INFO: Custom SQL executed
ago. 25, 2025 6:29:52 PM liquibase.changelog
INFO: ChangeSet db/changelog/migrations/db.changelog-202508250955.sql::202508250955::duda ran successfully in 24ms
Running Changeset: db/changelog/migrations/db.changelog-202508250957.sql::202508250957::duda
ago. 25, 2025 6:29:52 PM liquibase.changelog
INFO: Custom SQL executed
ago. 25, 2025 6:29:52 PM liquibase.changelog
INFO: ChangeSet db/changelog/migrations/db.changelog-202508250957.sql::202508250957::duda ran successfully in 21ms

UPDATE SUMMARY
Run:                          4
Previously run:               0
Filtered out:                 0
-------------------------------
Total change sets:            4

ago. 25, 2025 6:29:52 PM liquibase.util
INFO: UPDATE SUMMARY
ago. 25, 2025 6:29:52 PM liquibase.util
INFO: Run:                          4
ago. 25, 2025 6:29:52 PM liquibase.util
INFO: Previously run:               0
ago. 25, 2025 6:29:52 PM liquibase.util
INFO: Filtered out:                 0
ago. 25, 2025 6:29:52 PM liquibase.util
INFO: -------------------------------
ago. 25, 2025 6:29:52 PM liquibase.util
INFO: Total change sets:            4
ago. 25, 2025 6:29:52 PM liquibase.util
INFO: Update summary generated
ago. 25, 2025 6:29:52 PM liquibase.command
INFO: Update command completed successfully.
Liquibase: Update has been successful. Rows affected: 0
ago. 25, 2025 6:29:52 PM liquibase.lockservice
INFO: Successfully released change log lock
ago. 25, 2025 6:29:52 PM liquibase.command
INFO: Command execution complete
